<?xml version="1.0" encoding="UTF-8"?>
<testsuite name="com.ll.p120816.SolutionTest" tests="4" skipped="0" failures="0" errors="0" timestamp="2023-03-14T01:06:42" hostname="DESKTOP-PB9J3RP" time="0.099">
  <properties/>
  <testcase name="1 1 =&gt; 1" classname="com.ll.p120816.SolutionTest" time="0.085"/>
  <testcase name="1 2 =&gt; 2" classname="com.ll.p120816.SolutionTest" time="0.003"/>
  <testcase name="1 3 =&gt; 3" classname="com.ll.p120816.SolutionTest" time="0.003"/>
  <testcase name="2 3 =&gt; 2" classname="com.ll.p120816.SolutionTest" time="0.002"/>
  <system-out><![CDATA[]]></system-out>
  <system-err><![CDATA[]]></system-err>
</testsuite>
